Wzt:
 General:
 Check output of -v of all commands
 DF->NSets() only one time
 Check -t dos Xfun Disp

 XAusw:
 Some commands dont want -t
 Some commands dont want -v
 Show dont continue from XAusw

23.2.99 home
cdata.cpp LookTable column bug corrected
6.3.99 home
plot.cpp first file name "-": input comes from stdin
Syncronized Revision version number *.man with *.cpp of commands
12.3.99 home
Inserted -V switch to print RCS-Version
Syncronized Revision version number *.man with *.cpp of commands

-------------------------------------------------------------------

Planned:

// Make a polynom
Mkpoly -S # -E # -D # [-N #] -C #[,#,#] [-t type] [-v] [-h] 

// Delete a set (s#) in file with multiple sets
Rmset [-s #] [-t] [-v] [-h] (InputFile)

// Calculate power formula c# = c#^n * c#^m
Power [-s #] -f string [-t type] [-v] [-h] (InputFile) 

// Export as Ascii file
Export [-s #] [-t type] [-v] [-h] (InputFile)

// Change a textline
Text [-s #] [-n #] [-t type] [-v] [-h] (InputFile)

// Make a THE-File
Mkthe -H file [-t type] [-v] [-h] (InputFile)

Sxsmeas
//Look for SXS-Measurement

(// Spline Interpolation
(SplineIntpol [-x #] [-y #] [-t] [-v] [-h] (value) TableFile 

(// Linear Interpolation
(LinIntpol [-x #] [-y #] [-t] [-v] [-h] (value) TableFile

// need X
Xfun  [-t type] [-v] [-h]  // Calculate a function

